Start testing: Aug 05 02:09 PDT
----------------------------------------------------------
1/2 Testing: qa_find_et
1/2 Test: qa_find_et
Command: "/bin/sh" "/Users/mychai/gr-turboseti/build/python/qa_find_et_test.sh"
Directory: /Users/mychai/gr-turboseti/build/python
"qa_find_et" start time: Aug 05 02:09 PDT
Output:
----------------------------------------------------------
.
----------------------------------------------------------------------
Ran 1 test in 0.001s

OK
<end of output>
Test time =   4.14 sec
----------------------------------------------------------
Test Passed.
"qa_find_et" end time: Aug 05 02:09 PDT
"qa_find_et" time elapsed: 00:00:04
----------------------------------------------------------

2/2 Testing: qa_find_et_sync
2/2 Test: qa_find_et_sync
Command: "/bin/sh" "/Users/mychai/gr-turboseti/build/python/qa_find_et_sync_test.sh"
Directory: /Users/mychai/gr-turboseti/build/python
"qa_find_et_sync" start time: Aug 05 02:09 PDT
Output:
----------------------------------------------------------
.
----------------------------------------------------------------------
Ran 1 test in 0.001s

OK
<end of output>
Test time =   3.43 sec
----------------------------------------------------------
Test Passed.
"qa_find_et_sync" end time: Aug 05 02:10 PDT
"qa_find_et_sync" time elapsed: 00:00:03
----------------------------------------------------------

End testing: Aug 05 02:10 PDT
